2023-05-12 10:53:43 DEBUG:busco.run_BUSCO	Command line: /home/sc31/Bio_SDD/miniconda3/envs/busco/bin/busco
2023-05-12 10:53:43 INFO:busco.run_BUSCO	***** Start a BUSCO v5.4.7 analysis, current time: 05/12/2023 10:53:43 *****
2023-05-12 10:53:43 DEBUG:busco.ConfigManager	Getting config file
2023-05-12 10:53:43 INFO:busco.ConfigManager	Configuring BUSCO with local environment
2023-05-12 10:53:43 WARNING:busco.BuscoConfig	Running Auto Lineage Selector as no lineage dataset was specified. This will take a little longer than normal. If you know what lineage dataset you want to use, please specify this in the config file or using the -l (--lineage-dataset) flag in the command line.
2023-05-12 10:53:43 ERROR:busco.BuscoRunner	The parameter "in (--in)" was not provided. Please add it in the config file or provide it through the command line
2023-05-12 10:53:43 DEBUG:busco.BuscoRunner	The parameter "in (--in)" was not provided. Please add it in the config file or provide it through the command line
Traceback (most recent call last):
  File "/home/sc31/Bio_SDD/miniconda3/envs/busco/lib/python3.9/configparser.py", line 789, in get
    value = d[option]
  File "/home/sc31/Bio_SDD/miniconda3/envs/busco/lib/python3.9/collections/__init__.py", line 941, in __getitem__
    return self.__missing__(key)            # support subclasses that define __missing__
  File "/home/sc31/Bio_SDD/miniconda3/envs/busco/lib/python3.9/collections/__init__.py", line 933, in __missing__
    raise KeyError(key)
KeyError: 'in'

During handling of the above exception, another exception occurred:

Traceback (most recent call last):
  File "/home/sc31/Bio_SDD/miniconda3/envs/busco/lib/python3.9/site-packages/busco/BuscoConfig.py", line 629, in _check_mandatory_keys_exist
    value = self.get("busco_run", param)
  File "/home/sc31/Bio_SDD/miniconda3/envs/busco/lib/python3.9/configparser.py", line 792, in get
    raise NoOptionError(option, section)
configparser.NoOptionError: No option 'in' in section: 'busco_run'

During handling of the above exception, another exception occurred:

Traceback (most recent call last):
  File "/home/sc31/Bio_SDD/miniconda3/envs/busco/lib/python3.9/site-packages/busco/run_BUSCO.py", line 70, in run
    self.load_config()
  File "/home/sc31/Bio_SDD/miniconda3/envs/busco/lib/python3.9/site-packages/busco/run_BUSCO.py", line 62, in load_config
    self.config_manager.load_busco_config_main()
  File "/home/sc31/Bio_SDD/miniconda3/envs/busco/lib/python3.9/site-packages/busco/BuscoLogger.py", line 62, in wrapped_func
    self.retval = func(*args, **kwargs)
  File "/home/sc31/Bio_SDD/miniconda3/envs/busco/lib/python3.9/site-packages/busco/ConfigManager.py", line 58, in load_busco_config_main
    self.config_main.validate()
  File "/home/sc31/Bio_SDD/miniconda3/envs/busco/lib/python3.9/site-packages/busco/BuscoConfig.py", line 538, in validate
    self._check_mandatory_keys_exist()
  File "/home/sc31/Bio_SDD/miniconda3/envs/busco/lib/python3.9/site-packages/busco/BuscoLogger.py", line 58, in wrapped_func
    self.retval = func(*args, **kwargs)
  File "/home/sc31/Bio_SDD/miniconda3/envs/busco/lib/python3.9/site-packages/busco/BuscoConfig.py", line 690, in _check_mandatory_keys_exist
    raise BatchFatalError(
busco.Exceptions.BatchFatalError: The parameter "in (--in)" was not provided. Please add it in the config file or provide it through the command line
2023-05-12 10:53:43 ERROR:busco.BuscoRunner	BUSCO analysis failed!
2023-05-12 10:53:43 ERROR:busco.BuscoRunner	Check the logs, read the user guide (https://busco.ezlab.org/busco_userguide.html), and check the BUSCO issue board on https://gitlab.com/ezlab/busco/issues

